build/app/intermediates/manifest_merge_blame_file/debug/manifest-merger-blame-debug-report.txt
1<?xml version="1.0" encoding="utf-8"?>
2<manifest xmlns:android="http://schemas.android.com/apk/res/android"
3    package="com.example.adventure_nepal"
4    android:versionCode="1"
5    android:versionName="1.0.0" >
6
7    <uses-sdk
8        android:minSdkVersion="19"
9        android:targetSdkVersion="33" />
10    <!--
11         The INTERNET permission is required for development. Specifically,
12         the Flutter tool needs it to communicate with the running application
13         to allow setting breakpoints, to provide hot reload, etc.
14    -->
15    <uses-permission android:name="android.permission.INTERNET" />
15-->src\debug\AndroidManifest.xml:7:5-66
15-->src\debug\AndroidManifest.xml:7:22-64
16
17    <queries>
17-->[:flutter_inappwebview] AndroidManifest.xml:9:5-13:15
18        <intent>
18-->[:flutter_inappwebview] AndroidManifest.xml:10:9-12:18
19            <action android:name="android.support.customtabs.action.CustomTabsService" />
19-->[:flutter_inappwebview] AndroidManifest.xml:11:13-90
19-->[:flutter_inappwebview] AndroidManifest.xml:11:21-87
20        </intent>
21    </queries>
22
23    <uses-permission android:name="android.permission.ACCESS_COARSE_LOCATION" />
23-->[:flutter_osm_plugin] AndroidManifest.xml:9:5-81
23-->[:flutter_osm_plugin] AndroidManifest.xml:9:22-78
24    <uses-permission android:name="android.permission.ACCESS_FINE_LOCATION" />
24-->[:flutter_osm_plugin] AndroidManifest.xml:10:5-79
24-->[:flutter_osm_plugin] AndroidManifest.xml:10:22-76
25    <uses-permission android:name="android.permission.ACCESS_NETWORK_STATE" />
25-->[:flutter_osm_plugin] AndroidManifest.xml:12:5-79
25-->[:flutter_osm_plugin] AndroidManifest.xml:12:22-76
26    <uses-permission android:name="android.permission.WRITE_EXTERNAL_STORAGE" />
26-->[:flutter_osm_plugin] AndroidManifest.xml:13:5-81
26-->[:flutter_osm_plugin] AndroidManifest.xml:13:22-78
27    <uses-permission android:name="android.permission.READ_EXTERNAL_STORAGE" />
28
29    <permission
29-->[androidx.core:core:1.9.0] AndroidManifest.xml:22:5-24:47
30        android:name="com.example.adventure_nepal.DYNAMIC_RECEIVER_NOT_EXPORTED_PERMISSION"
30-->[androidx.core:core:1.9.0] AndroidManifest.xml:23:9-81
31        android:protectionLevel="signature" />
31-->[androidx.core:core:1.9.0] AndroidManifest.xml:24:9-44
32
33    <uses-permission android:name="com.example.adventure_nepal.DYNAMIC_RECEIVER_NOT_EXPORTED_PERMISSION" />
33-->[androidx.core:core:1.9.0] AndroidManifest.xml:26:5-97
33-->[androidx.core:core:1.9.0] AndroidManifest.xml:26:22-94
34
35    <supports-screens
35-->[org.osmdroid:osmdroid-android:6.1.13] AndroidManifest.xml:9:5-12:40
36        android:anyDensity="true"
36-->[org.osmdroid:osmdroid-android:6.1.13] AndroidManifest.xml:10:9-34
37        android:largeScreens="true"
37-->[org.osmdroid:osmdroid-android:6.1.13] AndroidManifest.xml:11:9-36
38        android:normalScreens="true" />
38-->[org.osmdroid:osmdroid-android:6.1.13] AndroidManifest.xml:12:9-37
39
40    <uses-feature
40-->[org.osmdroid:osmdroid-android:6.1.13] AndroidManifest.xml:14:5-16:36
41        android:name="android.hardware.location.network"
41-->[org.osmdroid:osmdroid-android:6.1.13] AndroidManifest.xml:15:9-57
42        android:required="false" />
42-->[org.osmdroid:osmdroid-android:6.1.13] AndroidManifest.xml:16:9-33
43    <uses-feature
43-->[org.osmdroid:osmdroid-android:6.1.13] AndroidManifest.xml:17:5-19:36
44        android:name="android.hardware.location.gps"
44-->[org.osmdroid:osmdroid-android:6.1.13] AndroidManifest.xml:18:9-53
45        android:required="false" />
45-->[org.osmdroid:osmdroid-android:6.1.13] AndroidManifest.xml:19:9-33
46    <uses-feature
46-->[org.osmdroid:osmdroid-android:6.1.13] AndroidManifest.xml:20:5-22:36
47        android:name="android.hardware.telephony"
47-->[org.osmdroid:osmdroid-android:6.1.13] AndroidManifest.xml:21:9-50
48        android:required="false" />
48-->[org.osmdroid:osmdroid-android:6.1.13] AndroidManifest.xml:22:9-33
49    <uses-feature
49-->[org.osmdroid:osmdroid-android:6.1.13] AndroidManifest.xml:23:5-25:36
50        android:name="android.hardware.wifi"
50-->[org.osmdroid:osmdroid-android:6.1.13] AndroidManifest.xml:24:9-45
51        android:required="false" />
51-->[org.osmdroid:osmdroid-android:6.1.13] AndroidManifest.xml:25:9-33
52
53    <application
54        android:name="android.app.Application"
55        android:appComponentFactory="androidx.core.app.CoreComponentFactory"
55-->[androidx.core:core:1.9.0] AndroidManifest.xml:28:18-86
56        android:debuggable="true"
57        android:icon="@mipmap/ic_launcher"
58        android:label="adventure_nepal" >
59        <activity
60            android:name="com.example.adventure_nepal.MainActivity"
61            android:configChanges="orientation|keyboardHidden|keyboard|screenSize|smallestScreenSize|locale|layoutDirection|fontScale|screenLayout|density|uiMode"
62            android:exported="true"
63            android:hardwareAccelerated="true"
64            android:launchMode="singleTop"
65            android:theme="@style/LaunchTheme"
66            android:windowSoftInputMode="adjustResize" >
67
68            <!--
69                 Specifies an Android theme to apply to this Activity as soon as
70                 the Android process has started. This theme is visible to the user
71                 while the Flutter UI initializes. After that, this theme continues
72                 to determine the Window background behind the Flutter UI.
73            -->
74            <meta-data
75                android:name="io.flutter.embedding.android.NormalTheme"
76                android:resource="@style/NormalTheme" />
77
78            <intent-filter>
79                <action android:name="android.intent.action.MAIN" />
80
81                <category android:name="android.intent.category.LAUNCHER" />
82            </intent-filter>
83        </activity>
84        <!--
85             Don't delete the meta-data below.
86             This is used by the Flutter tool to generate GeneratedPluginRegistrant.java
87        -->
88        <meta-data
89            android:name="flutterEmbedding"
90            android:value="2" />
91
92        <service
92-->[:firebase_auth] AndroidManifest.xml:10:9-14:19
93            android:name="com.google.firebase.components.ComponentDiscoveryService"
93-->[:firebase_auth] AndroidManifest.xml:10:18-89
94            android:directBootAware="true"
94-->[com.google.firebase:firebase-common:20.3.0] AndroidManifest.xml:34:13-43
95            android:exported="false" >
95-->[com.google.firebase:firebase-auth:21.1.0] AndroidManifest.xml:66:13-37
96            <meta-data
96-->[:firebase_auth] AndroidManifest.xml:11:13-13:85
97                android:name="com.google.firebase.components:io.flutter.plugins.firebase.auth.FlutterFirebaseAuthRegistrar"
97-->[:firebase_auth] AndroidManifest.xml:12:17-124
98                android:value="com.google.firebase.components.ComponentRegistrar" />
98-->[:firebase_auth] AndroidManifest.xml:13:17-82
99            <meta-data
99-->[:cloud_firestore] AndroidManifest.xml:11:13-13:85
100                android:name="com.google.firebase.components:io.flutter.plugins.firebase.firestore.FlutterFirebaseFirestoreRegistrar"
100-->[:cloud_firestore] AndroidManifest.xml:12:17-134
101                android:value="com.google.firebase.components.ComponentRegistrar" />
101-->[:cloud_firestore] AndroidManifest.xml:13:17-82
102            <meta-data
102-->[:firebase_core] AndroidManifest.xml:11:13-13:85
103                android:name="com.google.firebase.components:io.flutter.plugins.firebase.core.FlutterFirebaseCoreRegistrar"
103-->[:firebase_core] AndroidManifest.xml:12:17-124
104                android:value="com.google.firebase.components.ComponentRegistrar" />
104-->[:firebase_core] AndroidManifest.xml:13:17-82
105            <meta-data
105-->[com.google.firebase:firebase-auth:21.1.0] AndroidManifest.xml:67:13-69:85
106                android:name="com.google.firebase.components:com.google.firebase.auth.FirebaseAuthRegistrar"
106-->[com.google.firebase:firebase-auth:21.1.0] AndroidManifest.xml:68:17-109
107                android:value="com.google.firebase.components.ComponentRegistrar" />
107-->[com.google.firebase:firebase-auth:21.1.0] AndroidManifest.xml:69:17-82
108            <meta-data
108-->[com.google.firebase:firebase-firestore:24.4.3] AndroidManifest.xml:19:13-21:85
109                android:name="com.google.firebase.components:com.google.firebase.firestore.FirestoreRegistrar"
109-->[com.google.firebase:firebase-firestore:24.4.3] AndroidManifest.xml:20:17-111
110                android:value="com.google.firebase.components.ComponentRegistrar" />
110-->[com.google.firebase:firebase-firestore:24.4.3] AndroidManifest.xml:21:17-82
111        </service>
112
113        <activity
113-->[:flutter_inappwebview] AndroidManifest.xml:16:9-20:47
114            android:name="com.pichillilorenzo.flutter_inappwebview.in_app_browser.InAppBrowserActivity"
114-->[:flutter_inappwebview] AndroidManifest.xml:17:13-104
115            android:configChanges="orientation|keyboardHidden|keyboard|screenSize|locale|layoutDirection|fontScale|screenLayout|density"
115-->[:flutter_inappwebview] AndroidManifest.xml:18:13-137
116            android:exported="false"
116-->[:flutter_inappwebview] AndroidManifest.xml:19:13-37
117            android:theme="@style/AppTheme" />
117-->[:flutter_inappwebview] AndroidManifest.xml:20:13-44
118        <activity
118-->[:flutter_inappwebview] AndroidManifest.xml:21:9-24:55
119            android:name="com.pichillilorenzo.flutter_inappwebview.chrome_custom_tabs.ChromeCustomTabsActivity"
119-->[:flutter_inappwebview] AndroidManifest.xml:22:13-112
120            android:exported="false"
120-->[:flutter_inappwebview] AndroidManifest.xml:23:13-37
121            android:theme="@style/ThemeTransparent" />
121-->[:flutter_inappwebview] AndroidManifest.xml:24:13-52
122        <activity
122-->[:flutter_inappwebview] AndroidManifest.xml:25:9-28:55
123            android:name="com.pichillilorenzo.flutter_inappwebview.chrome_custom_tabs.TrustedWebActivity"
123-->[:flutter_inappwebview] AndroidManifest.xml:26:13-106
124            android:exported="false"
124-->[:flutter_inappwebview] AndroidManifest.xml:27:13-37
125            android:theme="@style/ThemeTransparent" />
125-->[:flutter_inappwebview] AndroidManifest.xml:28:13-52
126        <activity
126-->[:flutter_inappwebview] AndroidManifest.xml:29:9-33:55
127            android:name="com.pichillilorenzo.flutter_inappwebview.chrome_custom_tabs.ChromeCustomTabsActivitySingleInstance"
127-->[:flutter_inappwebview] AndroidManifest.xml:30:13-126
128            android:exported="false"
128-->[:flutter_inappwebview] AndroidManifest.xml:31:13-37
129            android:launchMode="singleInstance"
129-->[:flutter_inappwebview] AndroidManifest.xml:32:13-48
130            android:theme="@style/ThemeTransparent" />
130-->[:flutter_inappwebview] AndroidManifest.xml:33:13-52
131        <activity
131-->[:flutter_inappwebview] AndroidManifest.xml:34:9-38:55
132            android:name="com.pichillilorenzo.flutter_inappwebview.chrome_custom_tabs.TrustedWebActivitySingleInstance"
132-->[:flutter_inappwebview] AndroidManifest.xml:35:13-120
133            android:exported="false"
133-->[:flutter_inappwebview] AndroidManifest.xml:36:13-37
134            android:launchMode="singleInstance"
134-->[:flutter_inappwebview] AndroidManifest.xml:37:13-48
135            android:theme="@style/ThemeTransparent" />
135-->[:flutter_inappwebview] AndroidManifest.xml:38:13-52
136
137        <receiver
137-->[:flutter_inappwebview] AndroidManifest.xml:40:9-43:40
138            android:name="com.pichillilorenzo.flutter_inappwebview.chrome_custom_tabs.ActionBroadcastReceiver"
138-->[:flutter_inappwebview] AndroidManifest.xml:41:13-111
139            android:enabled="true"
139-->[:flutter_inappwebview] AndroidManifest.xml:42:13-35
140            android:exported="false" />
140-->[:flutter_inappwebview] AndroidManifest.xml:43:13-37
141
142        <meta-data
142-->[:flutter_inappwebview] AndroidManifest.xml:45:9-47:36
143            android:name="io.flutter.embedded_views_preview"
143-->[:flutter_inappwebview] AndroidManifest.xml:46:13-61
144            android:value="true" />
144-->[:flutter_inappwebview] AndroidManifest.xml:47:13-33
145
146        <activity
146-->[:url_launcher_android] AndroidManifest.xml:10:9-13:74
147            android:name="io.flutter.plugins.urllauncher.WebViewActivity"
147-->[:url_launcher_android] AndroidManifest.xml:11:13-74
148            android:exported="false"
148-->[:url_launcher_android] AndroidManifest.xml:12:13-37
149            android:theme="@android:style/Theme.NoTitleBar.Fullscreen" />
149-->[:url_launcher_android] AndroidManifest.xml:13:13-71
150        <activity
150-->[com.google.firebase:firebase-auth:21.1.0] AndroidManifest.xml:27:9-44:20
151            android:name="com.google.firebase.auth.internal.GenericIdpActivity"
151-->[com.google.firebase:firebase-auth:21.1.0] AndroidManifest.xml:28:13-80
152            android:excludeFromRecents="true"
152-->[com.google.firebase:firebase-auth:21.1.0] AndroidManifest.xml:29:13-46
153            android:exported="true"
153-->[com.google.firebase:firebase-auth:21.1.0] AndroidManifest.xml:30:13-36
154            android:launchMode="singleTask"
154-->[com.google.firebase:firebase-auth:21.1.0] AndroidManifest.xml:31:13-44
155            android:theme="@android:style/Theme.Translucent.NoTitleBar" >
155-->[com.google.firebase:firebase-auth:21.1.0] AndroidManifest.xml:32:13-72
156            <intent-filter>
156-->[com.google.firebase:firebase-auth:21.1.0] AndroidManifest.xml:33:13-43:29
157                <action android:name="android.intent.action.VIEW" />
157-->[com.google.firebase:firebase-auth:21.1.0] AndroidManifest.xml:34:17-69
157-->[com.google.firebase:firebase-auth:21.1.0] AndroidManifest.xml:34:25-66
158
159                <category android:name="android.intent.category.DEFAULT" />
159-->[com.google.firebase:firebase-auth:21.1.0] AndroidManifest.xml:36:17-76
159-->[com.google.firebase:firebase-auth:21.1.0] AndroidManifest.xml:36:27-73
160                <category android:name="android.intent.category.BROWSABLE" />
160-->[com.google.firebase:firebase-auth:21.1.0] AndroidManifest.xml:37:17-78
160-->[com.google.firebase:firebase-auth:21.1.0] AndroidManifest.xml:37:27-75
161
162                <data
162-->[com.google.firebase:firebase-auth:21.1.0] AndroidManifest.xml:39:17-42:51
163                    android:host="firebase.auth"
163-->[com.google.firebase:firebase-auth:21.1.0] AndroidManifest.xml:40:21-49
164                    android:path="/"
164-->[com.google.firebase:firebase-auth:21.1.0] AndroidManifest.xml:41:21-37
165                    android:scheme="genericidp" />
165-->[com.google.firebase:firebase-auth:21.1.0] AndroidManifest.xml:42:21-48
166            </intent-filter>
167        </activity>
168        <activity
168-->[com.google.firebase:firebase-auth:21.1.0] AndroidManifest.xml:45:9-62:20
169            android:name="com.google.firebase.auth.internal.RecaptchaActivity"
169-->[com.google.firebase:firebase-auth:21.1.0] AndroidManifest.xml:46:13-79
170            android:excludeFromRecents="true"
170-->[com.google.firebase:firebase-auth:21.1.0] AndroidManifest.xml:47:13-46
171            android:exported="true"
171-->[com.google.firebase:firebase-auth:21.1.0] AndroidManifest.xml:48:13-36
172            android:launchMode="singleTask"
172-->[com.google.firebase:firebase-auth:21.1.0] AndroidManifest.xml:49:13-44
173            android:theme="@android:style/Theme.Translucent.NoTitleBar" >
173-->[com.google.firebase:firebase-auth:21.1.0] AndroidManifest.xml:50:13-72
174            <intent-filter>
174-->[com.google.firebase:firebase-auth:21.1.0] AndroidManifest.xml:51:13-61:29
175                <action android:name="android.intent.action.VIEW" />
175-->[com.google.firebase:firebase-auth:21.1.0] AndroidManifest.xml:34:17-69
175-->[com.google.firebase:firebase-auth:21.1.0] AndroidManifest.xml:34:25-66
176
177                <category android:name="android.intent.category.DEFAULT" />
177-->[com.google.firebase:firebase-auth:21.1.0] AndroidManifest.xml:36:17-76
177-->[com.google.firebase:firebase-auth:21.1.0] AndroidManifest.xml:36:27-73
178                <category android:name="android.intent.category.BROWSABLE" />
178-->[com.google.firebase:firebase-auth:21.1.0] AndroidManifest.xml:37:17-78
178-->[com.google.firebase:firebase-auth:21.1.0] AndroidManifest.xml:37:27-75
179
180                <data
180-->[com.google.firebase:firebase-auth:21.1.0] AndroidManifest.xml:39:17-42:51
181                    android:host="firebase.auth"
181-->[com.google.firebase:firebase-auth:21.1.0] AndroidManifest.xml:40:21-49
182                    android:path="/"
182-->[com.google.firebase:firebase-auth:21.1.0] AndroidManifest.xml:41:21-37
183                    android:scheme="recaptcha" />
183-->[com.google.firebase:firebase-auth:21.1.0] AndroidManifest.xml:42:21-48
184            </intent-filter>
185        </activity>
186
187        <provider
187-->[com.google.firebase:firebase-common:20.3.0] AndroidManifest.xml:25:9-30:39
188            android:name="com.google.firebase.provider.FirebaseInitProvider"
188-->[com.google.firebase:firebase-common:20.3.0] AndroidManifest.xml:26:13-77
189            android:authorities="com.example.adventure_nepal.firebaseinitprovider"
189-->[com.google.firebase:firebase-common:20.3.0] AndroidManifest.xml:27:13-72
190            android:directBootAware="true"
190-->[com.google.firebase:firebase-common:20.3.0] AndroidManifest.xml:28:13-43
191            android:exported="false"
191-->[com.google.firebase:firebase-common:20.3.0] AndroidManifest.xml:29:13-37
192            android:initOrder="100" />
192-->[com.google.firebase:firebase-common:20.3.0] AndroidManifest.xml:30:13-36
193
194        <activity
194-->[com.google.android.gms:play-services-base:18.0.1] AndroidManifest.xml:20:9-22:45
195            android:name="com.google.android.gms.common.api.GoogleApiActivity"
195-->[com.google.android.gms:play-services-base:18.0.1] AndroidManifest.xml:20:19-85
196            android:exported="false"
196-->[com.google.android.gms:play-services-base:18.0.1] AndroidManifest.xml:22:19-43
197            android:theme="@android:style/Theme.Translucent.NoTitleBar" />
197-->[com.google.android.gms:play-services-base:18.0.1] AndroidManifest.xml:21:19-78
198
199        <meta-data
199-->[com.google.android.gms:play-services-basement:18.1.0] AndroidManifest.xml:21:9-23:69
200            android:name="com.google.android.gms.version"
200-->[com.google.android.gms:play-services-basement:18.1.0] AndroidManifest.xml:22:13-58
201            android:value="@integer/google_play_services_version" />
201-->[com.google.android.gms:play-services-basement:18.1.0] AndroidManifest.xml:23:13-66
202
203        <uses-library
203-->[androidx.window:window:1.0.0] AndroidManifest.xml:25:9-27:40
204            android:name="androidx.window.extensions"
204-->[androidx.window:window:1.0.0] AndroidManifest.xml:26:13-54
205            android:required="false" />
205-->[androidx.window:window:1.0.0] AndroidManifest.xml:27:13-37
206        <uses-library
206-->[androidx.window:window:1.0.0] AndroidManifest.xml:28:9-30:40
207            android:name="androidx.window.sidecar"
207-->[androidx.window:window:1.0.0] AndroidManifest.xml:29:13-51
208            android:required="false" />
208-->[androidx.window:window:1.0.0] AndroidManifest.xml:30:13-37
209
210        <provider
210-->[com.squareup.picasso:picasso:2.71828] AndroidManifest.xml:8:9-11:40
211            android:name="com.squareup.picasso.PicassoProvider"
211-->[com.squareup.picasso:picasso:2.71828] AndroidManifest.xml:9:13-64
212            android:authorities="com.example.adventure_nepal.com.squareup.picasso"
212-->[com.squareup.picasso:picasso:2.71828] AndroidManifest.xml:10:13-72
213            android:exported="false" />
213-->[com.squareup.picasso:picasso:2.71828] AndroidManifest.xml:11:13-37
214        <provider
214-->[androidx.emoji2:emoji2:1.2.0-rc01] AndroidManifest.xml:24:9-32:20
215            android:name="androidx.startup.InitializationProvider"
215-->[androidx.emoji2:emoji2:1.2.0-rc01] AndroidManifest.xml:25:13-67
216            android:authorities="com.example.adventure_nepal.androidx-startup"
216-->[androidx.emoji2:emoji2:1.2.0-rc01] AndroidManifest.xml:26:13-68
217            android:exported="false" >
217-->[androidx.emoji2:emoji2:1.2.0-rc01] AndroidManifest.xml:27:13-37
218            <meta-data
218-->[androidx.emoji2:emoji2:1.2.0-rc01] AndroidManifest.xml:29:13-31:52
219                android:name="androidx.emoji2.text.EmojiCompatInitializer"
219-->[androidx.emoji2:emoji2:1.2.0-rc01] AndroidManifest.xml:30:17-75
220                android:value="androidx.startup" />
220-->[androidx.emoji2:emoji2:1.2.0-rc01] AndroidManifest.xml:31:17-49
221            <meta-data
221-->[androidx.lifecycle:lifecycle-process:2.4.1] AndroidManifest.xml:31:13-33:52
222                android:name="androidx.lifecycle.ProcessLifecycleInitializer"
222-->[androidx.lifecycle:lifecycle-process:2.4.1] AndroidManifest.xml:32:17-78
223                android:value="androidx.startup" />
223-->[androidx.lifecycle:lifecycle-process:2.4.1] AndroidManifest.xml:33:17-49
224        </provider>
225    </application>
226
227</manifest>